<?xml version="1.0" encoding="UTF-8"?>
<!-- Generated by org.testng.reporters.JUnitReportReporter -->
<testsuite hostname="DESKTOP-55IQEFD" name="testCase.bbs_Test_01" tests="1" failures="0" timestamp="30 May 2018 08:45:37 GMT" time="31.253" errors="0">
  <testcase name="testCase_1" time="31.253" classname="testCase.bbs_Test_01"/>
</testsuite> <!-- testCase.bbs_Test_01 -->
